<?xml version="1.0" encoding="UTF-8"?>
<!-- Generated by org.testng.reporters.JUnitReportReporter -->
<testsuite skipped="0" hostname="DESKTOP-IL8RFAU" name="com.obsqura.testcase.login" tests="1" failures="0" timestamp="2021-06-16T23:54:30 IST" time="6.031" errors="0">
  <testcase name="validLogin" time="6.031" classname="com.obsqura.testcase.login"/>
  <system-out/>
</testsuite> <!-- com.obsqura.testcase.login -->
