<?xml version="1.0" encoding="UTF-8"?>
<!-- Generated by org.testng.reporters.JUnitReportReporter -->
<testsuite skipped="0" hostname="DESKTOP-IL8RFAU" name="com.obsqura.testcase.task" tests="1" failures="0" timestamp="2021-06-17T01:54:06 IST" time="14.283" errors="0">
  <testcase name="newTask" time="14.283" classname="com.obsqura.testcase.task"/>
  <system-out/>
</testsuite> <!-- com.obsqura.testcase.task -->
