<?xml version="1.0" encoding="UTF-8"?>
<!-- Generated by org.testng.reporters.JUnitReportReporter -->
<testsuite skipped="0" hostname="DESKTOP-IL8RFAU" name="com.obsqura.testcase.project" tests="2" failures="0" timestamp="2021-06-17T02:07:08 IST" time="20.313" errors="0">
  <testcase name="newProject" time="16.489" classname="com.obsqura.testcase.project"/>
  <system-out/>
  <testcase name="changeStatus" time="3.824" classname="com.obsqura.testcase.project"/>
  <system-out/>
</testsuite> <!-- com.obsqura.testcase.project -->
